<?xml version="1.0" encoding="UTF-8"?>
<testng-results ignored="0" total="1" passed="1" failed="0" skipped="0">
  <reporter-output>
  </reporter-output>
  <suite started-at="2024-03-15T12:52:07 IST" name="Default suite" finished-at="2024-03-15T12:52:16 IST" duration-ms="9385">
    <groups>
    </groups>
    <test started-at="2024-03-15T12:52:07 IST" name="Default test" finished-at="2024-03-15T12:52:16 IST" duration-ms="9385">
      <class name="basic.OrganizationsTest">
        <test-method signature="CreateOrganizationTest()[pri:0, instance:basic.OrganizationsTest@62230c58]" started-at="2024-03-15T12:52:07 IST" name="CreateOrganizationTest" finished-at="2024-03-15T12:52:16 IST" duration-ms="9310" status="PASS">
          <reporter-output>
          </reporter-output>
        </test-method> <!-- CreateOrganizationTest -->
      </class> <!-- basic.OrganizationsTest -->
    </test> <!-- Default test -->
  </suite> <!-- Default suite -->
</testng-results>
